::1 - - [15/May/2018:08:26:47 -0400] "GET / HTTP/1.1" 200 260 "-" "Mozilla/5.0 (Windows NT 6.1; Win64; x64) AppleWebKit/537.36 (KHTML, like Gecko) Chrome/66.0.3359.139 Safari/537.36"
::1 - - [15/May/2018:08:26:49 -0400] "GET /favicon.ico HTTP/1.1" 200 30894 "http://localhost/" "Mozilla/5.0 (Windows NT 6.1; Win64; x64) AppleWebKit/537.36 (KHTML, like Gecko) Chrome/66.0.3359.139 Safari/537.36"
::1 - - [15/May/2018:08:26:57 -0400] "GET / HTTP/1.1" 304 - "-" "Mozilla/5.0 (Windows NT 6.1; Win64; x64) AppleWebKit/537.36 (KHTML, like Gecko) Chrome/66.0.3359.139 Safari/537.36"
127.0.0.1 - - [15/May/2018:08:27:22 -0400] "GET / HTTP/1.1" 200 260 "-" "Mozilla/5.0 (Windows NT 6.1; Win64; x64) AppleWebKit/537.36 (KHTML, like Gecko) Chrome/66.0.3359.139 Safari/537.36"
127.0.0.1 - - [15/May/2018:08:27:23 -0400] "GET /favicon.ico HTTP/1.1" 200 30894 "http://127.0.0.1/" "Mozilla/5.0 (Windows NT 6.1; Win64; x64) AppleWebKit/537.36 (KHTML, like Gecko) Chrome/66.0.3359.139 Safari/537.36"
127.0.0.1 - - [15/May/2018:08:27:35 -0400] "GET / HTTP/1.0" 403 -
127.0.0.1 - - [15/May/2018:08:27:35 -0400] "GET / HTTP/1.0" 403 -
::1 - - [15/May/2018:08:30:53 -0400] "GET / HTTP/1.1" 200 260 "-" "Mozilla/5.0 (Windows NT 6.1; Win64; x64) AppleWebKit/537.36 (KHTML, like Gecko) Chrome/66.0.3359.139 Safari/537.36"
::1 - - [15/May/2018:08:30:54 -0400] "GET /favicon.ico HTTP/1.1" 200 30894 "http://localhost:8080/" "Mozilla/5.0 (Windows NT 6.1; Win64; x64) AppleWebKit/537.36 (KHTML, like Gecko) Chrome/66.0.3359.139 Safari/537.36"
::1 - - [15/May/2018:08:35:47 -0400] "GET / HTTP/1.1" 200 1835 "-" "Mozilla/5.0 (Windows NT 6.1; Win64; x64) AppleWebKit/537.36 (KHTML, like Gecko) Chrome/66.0.3359.139 Safari/537.36"
::1 - - [15/May/2018:08:35:48 -0400] "GET /icons/text.gif HTTP/1.1" 403 - "http://localhost:8080/" "Mozilla/5.0 (Windows NT 6.1; Win64; x64) AppleWebKit/537.36 (KHTML, like Gecko) Chrome/66.0.3359.139 Safari/537.36"
::1 - - [15/May/2018:08:35:48 -0400] "GET /icons/folder.gif HTTP/1.1" 403 - "http://localhost:8080/" "Mozilla/5.0 (Windows NT 6.1; Win64; x64) AppleWebKit/537.36 (KHTML, like Gecko) Chrome/66.0.3359.139 Safari/537.36"
::1 - - [15/May/2018:08:35:48 -0400] "GET /icons/blank.gif HTTP/1.1" 403 - "http://localhost:8080/" "Mozilla/5.0 (Windows NT 6.1; Win64; x64) AppleWebKit/537.36 (KHTML, like Gecko) Chrome/66.0.3359.139 Safari/537.36"
::1 - - [15/May/2018:08:35:48 -0400] "GET /favicon.ico HTTP/1.1" 403 - "http://localhost:8080/" "Mozilla/5.0 (Windows NT 6.1; Win64; x64) AppleWebKit/537.36 (KHTML, like Gecko) Chrome/66.0.3359.139 Safari/537.36"
::1 - - [15/May/2018:08:35:57 -0400] "GET /Registration.html HTTP/1.1" 200 3789 "http://localhost:8080/" "Mozilla/5.0 (Windows NT 6.1; Win64; x64) AppleWebKit/537.36 (KHTML, like Gecko) Chrome/66.0.3359.139 Safari/537.36"
::1 - - [15/May/2018:08:35:57 -0400] "GET /css/Registration.css HTTP/1.1" 403 - "http://localhost:8080/Registration.html" "Mozilla/5.0 (Windows NT 6.1; Win64; x64) AppleWebKit/537.36 (KHTML, like Gecko) Chrome/66.0.3359.139 Safari/537.36"
::1 - - [15/May/2018:08:37:30 -0400] "GET /Registration.html HTTP/1.1" 200 2619 "http://localhost:8080/" "Mozilla/5.0 (Windows NT 6.1; Win64; x64) AppleWebKit/537.36 (KHTML, like Gecko) Chrome/66.0.3359.139 Safari/537.36"
::1 - - [15/May/2018:08:37:30 -0400] "GET /css/Registration.css HTTP/1.1" 200 609 "http://localhost:8080/Registration.html" "Mozilla/5.0 (Windows NT 6.1; Win64; x64) AppleWebKit/537.36 (KHTML, like Gecko) Chrome/66.0.3359.139 Safari/537.36"
::1 - - [15/May/2018:08:37:37 -0400] "POST /Registration.php HTTP/1.1" 200 181 "http://localhost:8080/Registration.html" "Mozilla/5.0 (Windows NT 6.1; Win64; x64) AppleWebKit/537.36 (KHTML, like Gecko) Chrome/66.0.3359.139 Safari/537.36"
::1 - - [15/May/2018:08:37:53 -0400] "POST /Registration.php HTTP/1.1" 200 181 "http://localhost:8080/Registration.html" "Mozilla/5.0 (Windows NT 6.1; Win64; x64) AppleWebKit/537.36 (KHTML, like Gecko) Chrome/66.0.3359.139 Safari/537.36"
::1 - - [15/May/2018:08:42:23 -0400] "GET / HTTP/1.1" 200 4393 "-" "Mozilla/5.0 (Windows NT 6.1; Win64; x64) AppleWebKit/537.36 (KHTML, like Gecko) Chrome/66.0.3359.139 Safari/537.36"
::1 - - [15/May/2018:08:42:23 -0400] "GET /icons/blank.gif HTTP/1.1" 403 - "http://localhost:8080/" "Mozilla/5.0 (Windows NT 6.1; Win64; x64) AppleWebKit/537.36 (KHTML, like Gecko) Chrome/66.0.3359.139 Safari/537.36"
::1 - - [15/May/2018:08:42:23 -0400] "GET /icons/text.gif HTTP/1.1" 403 - "http://localhost:8080/" "Mozilla/5.0 (Windows NT 6.1; Win64; x64) AppleWebKit/537.36 (KHTML, like Gecko) Chrome/66.0.3359.139 Safari/537.36"
::1 - - [15/May/2018:08:42:23 -0400] "GET /icons/folder.gif HTTP/1.1" 403 - "http://localhost:8080/" "Mozilla/5.0 (Windows NT 6.1; Win64; x64) AppleWebKit/537.36 (KHTML, like Gecko) Chrome/66.0.3359.139 Safari/537.36"
::1 - - [15/May/2018:08:42:23 -0400] "GET /icons/unknown.gif HTTP/1.1" 403 - "http://localhost:8080/" "Mozilla/5.0 (Windows NT 6.1; Win64; x64) AppleWebKit/537.36 (KHTML, like Gecko) Chrome/66.0.3359.139 Safari/537.36"
::1 - - [15/May/2018:08:42:31 -0400] "POST /Registration.php HTTP/1.1" 200 185 "http://localhost:8080/Registration.html" "Mozilla/5.0 (Windows NT 6.1; Win64; x64) AppleWebKit/537.36 (KHTML, like Gecko) Chrome/66.0.3359.139 Safari/537.36"
::1 - - [15/May/2018:08:43:59 -0400] "POST /Registration.php HTTP/1.1" 412 - "http://localhost:8080/Registration.html" "Mozilla/5.0 (Windows NT 6.1; Win64; x64) AppleWebKit/537.36 (KHTML, like Gecko) Chrome/66.0.3359.139 Safari/537.36"
::1 - - [15/May/2018:08:44:02 -0400] "GET /Registration.html HTTP/1.1" 200 2617 "http://localhost:8080/" "Mozilla/5.0 (Windows NT 6.1; Win64; x64) AppleWebKit/537.36 (KHTML, like Gecko) Chrome/66.0.3359.139 Safari/537.36"
::1 - - [15/May/2018:08:45:22 -0400] "GET /Registration.html HTTP/1.1" 200 2660 "http://localhost:8080/" "Mozilla/5.0 (Windows NT 6.1; Win64; x64) AppleWebKit/537.36 (KHTML, like Gecko) Chrome/66.0.3359.139 Safari/537.36"
::1 - - [15/May/2018:08:45:27 -0400] "POST /Registration.php HTTP/1.1" 200 185 "http://localhost:8080/Registration.html" "Mozilla/5.0 (Windows NT 6.1; Win64; x64) AppleWebKit/537.36 (KHTML, like Gecko) Chrome/66.0.3359.139 Safari/537.36"
::1 - - [15/May/2018:08:47:16 -0400] "POST /Registration.php HTTP/1.1" 200 194 "http://localhost:8080/Registration.html" "Mozilla/5.0 (Windows NT 6.1; Win64; x64) AppleWebKit/537.36 (KHTML, like Gecko) Chrome/66.0.3359.139 Safari/537.36"
::1 - - [15/May/2018:08:47:29 -0400] "POST /Registration.php HTTP/1.1" 200 194 "http://localhost:8080/Registration.html" "Mozilla/5.0 (Windows NT 6.1; Win64; x64) AppleWebKit/537.36 (KHTML, like Gecko) Chrome/66.0.3359.139 Safari/537.36"
::1 - - [15/May/2018:11:43:27 -0400] "GET / HTTP/1.1" 200 260 "-" "Mozilla/5.0 (Windows NT 10.0; Win64; x64) AppleWebKit/537.36 (KHTML, like Gecko) Chrome/66.0.3359.139 Safari/537.36"
::1 - - [15/May/2018:11:43:27 -0400] "GET /favicon.ico HTTP/1.1" 200 30894 "http://localhost:8080/" "Mozilla/5.0 (Windows NT 10.0; Win64; x64) AppleWebKit/537.36 (KHTML, like Gecko) Chrome/66.0.3359.139 Safari/537.36"
::1 - - [15/May/2018:11:43:50 -0400] "GET / HTTP/1.1" 304 - "-" "Mozilla/5.0 (Windows NT 10.0; Win64; x64) AppleWebKit/537.36 (KHTML, like Gecko) Chrome/66.0.3359.139 Safari/537.36"
::1 - - [15/May/2018:11:43:50 -0400] "GET /favicon.ico HTTP/1.1" 403 - "http://localhost:8080/" "Mozilla/5.0 (Windows NT 10.0; Win64; x64) AppleWebKit/537.36 (KHTML, like Gecko) Chrome/66.0.3359.139 Safari/537.36"
::1 - - [15/May/2018:11:43:51 -0400] "GET / HTTP/1.1" 304 - "-" "Mozilla/5.0 (Windows NT 10.0; Win64; x64) AppleWebKit/537.36 (KHTML, like Gecko) Chrome/66.0.3359.139 Safari/537.36"
::1 - - [15/May/2018:11:43:51 -0400] "GET / HTTP/1.1" 304 - "-" "Mozilla/5.0 (Windows NT 10.0; Win64; x64) AppleWebKit/537.36 (KHTML, like Gecko) Chrome/66.0.3359.139 Safari/537.36"
::1 - - [15/May/2018:11:43:51 -0400] "GET / HTTP/1.1" 304 - "-" "Mozilla/5.0 (Windows NT 10.0; Win64; x64) AppleWebKit/537.36 (KHTML, like Gecko) Chrome/66.0.3359.139 Safari/537.36"
::1 - - [15/May/2018:11:44:09 -0400] "GET / HTTP/1.1" 200 5031 "-" "Mozilla/5.0 (Windows NT 10.0; Win64; x64) AppleWebKit/537.36 (KHTML, like Gecko) Chrome/66.0.3359.139 Safari/537.36"
::1 - - [15/May/2018:11:44:09 -0400] "GET /icons/blank.gif HTTP/1.1" 403 - "http://localhost:8080/" "Mozilla/5.0 (Windows NT 10.0; Win64; x64) AppleWebKit/537.36 (KHTML, like Gecko) Chrome/66.0.3359.139 Safari/537.36"
::1 - - [15/May/2018:11:44:09 -0400] "GET /icons/folder.gif HTTP/1.1" 403 - "http://localhost:8080/" "Mozilla/5.0 (Windows NT 10.0; Win64; x64) AppleWebKit/537.36 (KHTML, like Gecko) Chrome/66.0.3359.139 Safari/537.36"
::1 - - [15/May/2018:11:44:09 -0400] "GET /icons/text.gif HTTP/1.1" 403 - "http://localhost:8080/" "Mozilla/5.0 (Windows NT 10.0; Win64; x64) AppleWebKit/537.36 (KHTML, like Gecko) Chrome/66.0.3359.139 Safari/537.36"
::1 - - [15/May/2018:11:44:09 -0400] "GET /icons/unknown.gif HTTP/1.1" 403 - "http://localhost:8080/" "Mozilla/5.0 (Windows NT 10.0; Win64; x64) AppleWebKit/537.36 (KHTML, like Gecko) Chrome/66.0.3359.139 Safari/537.36"
::1 - - [15/May/2018:11:44:17 -0400] "GET /Registration.html HTTP/1.1" 200 2660 "http://localhost:8080/" "Mozilla/5.0 (Windows NT 10.0; Win64; x64) AppleWebKit/537.36 (KHTML, like Gecko) Chrome/66.0.3359.139 Safari/537.36"
::1 - - [15/May/2018:11:44:17 -0400] "GET /css/Registration.css HTTP/1.1" 200 609 "http://localhost:8080/Registration.html" "Mozilla/5.0 (Windows NT 10.0; Win64; x64) AppleWebKit/537.36 (KHTML, like Gecko) Chrome/66.0.3359.139 Safari/537.36"
::1 - - [15/May/2018:11:44:28 -0400] "POST /Registration.php HTTP/1.1" 200 194 "http://localhost:8080/Registration.html" "Mozilla/5.0 (Windows NT 10.0; Win64; x64) AppleWebKit/537.36 (KHTML, like Gecko) Chrome/66.0.3359.139 Safari/537.36"
::1 - - [15/May/2018:11:46:59 -0400] "POST /Registration.php HTTP/1.1" 200 194 "http://localhost:8080/Registration.html" "Mozilla/5.0 (Windows NT 10.0; Win64; x64) AppleWebKit/537.36 (KHTML, like Gecko) Chrome/66.0.3359.139 Safari/537.36"
::1 - - [15/May/2018:11:47:36 -0400] "POST /Registration.php HTTP/1.1" 200 194 "http://localhost:8080/Registration.html" "Mozilla/5.0 (Windows NT 10.0; Win64; x64) AppleWebKit/537.36 (KHTML, like Gecko) Chrome/66.0.3359.139 Safari/537.36"
::1 - - [15/May/2018:11:47:56 -0400] "POST /Registration.php HTTP/1.1" 200 218 "http://localhost:8080/Registration.html" "Mozilla/5.0 (Windows NT 10.0; Win64; x64) AppleWebKit/537.36 (KHTML, like Gecko) Chrome/66.0.3359.139 Safari/537.36"
::1 - - [15/May/2018:11:48:00 -0400] "POST /Registration.php HTTP/1.1" 200 218 "http://localhost:8080/Registration.html" "Mozilla/5.0 (Windows NT 10.0; Win64; x64) AppleWebKit/537.36 (KHTML, like Gecko) Chrome/66.0.3359.139 Safari/537.36"
::1 - - [15/May/2018:12:28:13 -0400] "POST /Registration.php HTTP/1.1" 403 - "http://localhost:8080/Registration.html" "Mozilla/5.0 (Windows NT 10.0; Win64; x64) AppleWebKit/537.36 (KHTML, like Gecko) Chrome/66.0.3359.139 Safari/537.36"
::1 - - [15/May/2018:12:28:43 -0400] "GET /Registration.html HTTP/1.1" 200 2619 "http://localhost:8080/" "Mozilla/5.0 (Windows NT 10.0; Win64; x64) AppleWebKit/537.36 (KHTML, like Gecko) Chrome/66.0.3359.139 Safari/537.36"
::1 - - [15/May/2018:12:28:47 -0400] "POST /Registration.php HTTP/1.1" 200 218 "http://localhost:8080/Registration.html" "Mozilla/5.0 (Windows NT 10.0; Win64; x64) AppleWebKit/537.36 (KHTML, like Gecko) Chrome/66.0.3359.139 Safari/537.36"
::1 - - [15/May/2018:12:31:47 -0400] "GET / HTTP/1.1" 200 4185 "-" "Mozilla/5.0 (Windows NT 10.0; Win64; x64) AppleWebKit/537.36 (KHTML, like Gecko) Chrome/66.0.3359.139 Safari/537.36"
::1 - - [15/May/2018:12:31:47 -0400] "GET /icons/blank.gif HTTP/1.1" 403 - "http://localhost:8080/" "Mozilla/5.0 (Windows NT 10.0; Win64; x64) AppleWebKit/537.36 (KHTML, like Gecko) Chrome/66.0.3359.139 Safari/537.36"
::1 - - [15/May/2018:12:31:47 -0400] "GET /icons/unknown.gif HTTP/1.1" 403 - "http://localhost:8080/" "Mozilla/5.0 (Windows NT 10.0; Win64; x64) AppleWebKit/537.36 (KHTML, like Gecko) Chrome/66.0.3359.139 Safari/537.36"
::1 - - [15/May/2018:12:31:47 -0400] "GET /icons/folder.gif HTTP/1.1" 403 - "http://localhost:8080/" "Mozilla/5.0 (Windows NT 10.0; Win64; x64) AppleWebKit/537.36 (KHTML, like Gecko) Chrome/66.0.3359.139 Safari/537.36"
::1 - - [15/May/2018:12:31:47 -0400] "GET /icons/text.gif HTTP/1.1" 403 - "http://localhost:8080/" "Mozilla/5.0 (Windows NT 10.0; Win64; x64) AppleWebKit/537.36 (KHTML, like Gecko) Chrome/66.0.3359.139 Safari/537.36"
::1 - - [15/May/2018:12:45:36 -0400] "GET / HTTP/1.1" 200 4185 "-" "Mozilla/5.0 (Windows NT 10.0; Win64; x64) AppleWebKit/537.36 (KHTML, like Gecko) Chrome/66.0.3359.139 Safari/537.36"
::1 - - [15/May/2018:12:45:36 -0400] "GET /icons/blank.gif HTTP/1.1" 403 - "http://localhost:8080/" "Mozilla/5.0 (Windows NT 10.0; Win64; x64) AppleWebKit/537.36 (KHTML, like Gecko) Chrome/66.0.3359.139 Safari/537.36"
::1 - - [15/May/2018:12:45:36 -0400] "GET /icons/text.gif HTTP/1.1" 403 - "http://localhost:8080/" "Mozilla/5.0 (Windows NT 10.0; Win64; x64) AppleWebKit/537.36 (KHTML, like Gecko) Chrome/66.0.3359.139 Safari/537.36"
::1 - - [15/May/2018:12:45:36 -0400] "GET /icons/unknown.gif HTTP/1.1" 403 - "http://localhost:8080/" "Mozilla/5.0 (Windows NT 10.0; Win64; x64) AppleWebKit/537.36 (KHTML, like Gecko) Chrome/66.0.3359.139 Safari/537.36"
::1 - - [15/May/2018:12:45:36 -0400] "GET /icons/folder.gif HTTP/1.1" 403 - "http://localhost:8080/" "Mozilla/5.0 (Windows NT 10.0; Win64; x64) AppleWebKit/537.36 (KHTML, like Gecko) Chrome/66.0.3359.139 Safari/537.36"
::1 - - [15/May/2018:12:45:45 -0400] "POST /Registration.php HTTP/1.1" 200 218 "http://localhost:8080/Registration.html" "Mozilla/5.0 (Windows NT 10.0; Win64; x64) AppleWebKit/537.36 (KHTML, like Gecko) Chrome/66.0.3359.139 Safari/537.36"
::1 - - [15/May/2018:12:46:31 -0400] "POST /Registration.php HTTP/1.1" 200 222 "http://localhost:8080/Registration.html" "Mozilla/5.0 (Windows NT 10.0; Win64; x64) AppleWebKit/537.36 (KHTML, like Gecko) Chrome/66.0.3359.139 Safari/537.36"
::1 - - [16/May/2018:10:51:17 -0400] "GET /Registration.php HTTP/1.1" 200 222 "-" "Mozilla/5.0 (Windows NT 10.0; Win64; x64) AppleWebKit/537.36 (KHTML, like Gecko) Chrome/66.0.3359.139 Safari/537.36"
::1 - - [16/May/2018:10:51:17 -0400] "GET /favicon.ico HTTP/1.1" 403 - "http://localhost:8080/Registration.php" "Mozilla/5.0 (Windows NT 10.0; Win64; x64) AppleWebKit/537.36 (KHTML, like Gecko) Chrome/66.0.3359.139 Safari/537.36"
::1 - - [16/May/2018:10:51:19 -0400] "GET /css/Registration.css HTTP/1.1" 304 - "http://localhost:8080/Registration.html" "Mozilla/5.0 (Windows NT 10.0; Win64; x64) AppleWebKit/537.36 (KHTML, like Gecko) Chrome/66.0.3359.139 Safari/537.36"
::1 - - [16/May/2018:10:51:23 -0400] "POST /Registration.php HTTP/1.1" 200 222 "http://localhost:8080/Registration.html" "Mozilla/5.0 (Windows NT 10.0; Win64; x64) AppleWebKit/537.36 (KHTML, like Gecko) Chrome/66.0.3359.139 Safari/537.36"
::1 - - [16/May/2018:10:55:28 -0400] "GET /Registration.html HTTP/1.1" 304 - "-" "Mozilla/5.0 (Windows NT 10.0; Win64; x64) AppleWebKit/537.36 (KHTML, like Gecko) Chrome/66.0.3359.139 Safari/537.36"
::1 - - [16/May/2018:10:55:40 -0400] "POST /Registration.php HTTP/1.1" 200 1154 "http://localhost:8080/Registration.html" "Mozilla/5.0 (Windows NT 10.0; Win64; x64) AppleWebKit/537.36 (KHTML, like Gecko) Chrome/66.0.3359.139 Safari/537.36"
::1 - - [16/May/2018:10:56:20 -0400] "POST /Registration.php HTTP/1.1" 200 1144 "http://localhost:8080/Registration.html" "Mozilla/5.0 (Windows NT 10.0; Win64; x64) AppleWebKit/537.36 (KHTML, like Gecko) Chrome/66.0.3359.139 Safari/537.36"
::1 - - [16/May/2018:10:56:32 -0400] "POST /Registration.php HTTP/1.1" 200 1125 "http://localhost:8080/Registration.html" "Mozilla/5.0 (Windows NT 10.0; Win64; x64) AppleWebKit/537.36 (KHTML, like Gecko) Chrome/66.0.3359.139 Safari/537.36"
::1 - - [16/May/2018:10:57:45 -0400] "POST /Registration.php HTTP/1.1" 200 148 "http://localhost:8080/Registration.html" "Mozilla/5.0 (Windows NT 10.0; Win64; x64) AppleWebKit/537.36 (KHTML, like Gecko) Chrome/66.0.3359.139 Safari/537.36"
::1 - - [16/May/2018:10:59:12 -0400] "GET / HTTP/1.1" 200 4004 "-" "Mozilla/5.0 (Windows NT 10.0; Win64; x64) AppleWebKit/537.36 (KHTML, like Gecko) Chrome/66.0.3359.139 Safari/537.36"
::1 - - [16/May/2018:10:59:12 -0400] "GET /icons/blank.gif HTTP/1.1" 403 - "http://localhost:8080/" "Mozilla/5.0 (Windows NT 10.0; Win64; x64) AppleWebKit/537.36 (KHTML, like Gecko) Chrome/66.0.3359.139 Safari/537.36"
::1 - - [16/May/2018:10:59:12 -0400] "GET /icons/text.gif HTTP/1.1" 403 - "http://localhost:8080/" "Mozilla/5.0 (Windows NT 10.0; Win64; x64) AppleWebKit/537.36 (KHTML, like Gecko) Chrome/66.0.3359.139 Safari/537.36"
::1 - - [16/May/2018:10:59:12 -0400] "GET /icons/unknown.gif HTTP/1.1" 403 - "http://localhost:8080/" "Mozilla/5.0 (Windows NT 10.0; Win64; x64) AppleWebKit/537.36 (KHTML, like Gecko) Chrome/66.0.3359.139 Safari/537.36"
::1 - - [16/May/2018:10:59:12 -0400] "GET /icons/folder.gif HTTP/1.1" 403 - "http://localhost:8080/" "Mozilla/5.0 (Windows NT 10.0; Win64; x64) AppleWebKit/537.36 (KHTML, like Gecko) Chrome/66.0.3359.139 Safari/537.36"
::1 - - [16/May/2018:10:59:43 -0400] "POST /Registration.php HTTP/1.1" 200 95 "http://localhost:8080/Registration.html" "Mozilla/5.0 (Windows NT 10.0; Win64; x64) AppleWebKit/537.36 (KHTML, like Gecko) Chrome/66.0.3359.139 Safari/537.36"
::1 - - [16/May/2018:11:02:08 -0400] "POST /Registration.php HTTP/1.1" 200 174 "http://localhost:8080/Registration.html" "Mozilla/5.0 (Windows NT 10.0; Win64; x64) AppleWebKit/537.36 (KHTML, like Gecko) Chrome/66.0.3359.139 Safari/537.36"
::1 - - [16/May/2018:11:02:25 -0400] "POST /Registration.php HTTP/1.1" 200 174 "http://localhost:8080/Registration.html" "Mozilla/5.0 (Windows NT 10.0; Win64; x64) AppleWebKit/537.36 (KHTML, like Gecko) Chrome/66.0.3359.139 Safari/537.36"
::1 - - [16/May/2018:11:02:49 -0400] "POST /Registration.php HTTP/1.1" 200 354 "http://localhost:8080/Registration.html" "Mozilla/5.0 (Windows NT 10.0; Win64; x64) AppleWebKit/537.36 (KHTML, like Gecko) Chrome/66.0.3359.139 Safari/537.36"
::1 - - [16/May/2018:11:03:00 -0400] "POST /Registration.php HTTP/1.1" 200 129 "http://localhost:8080/Registration.html" "Mozilla/5.0 (Windows NT 10.0; Win64; x64) AppleWebKit/537.36 (KHTML, like Gecko) Chrome/66.0.3359.139 Safari/537.36"
::1 - - [16/May/2018:11:05:28 -0400] "POST /Registration.php HTTP/1.1" 200 129 "http://localhost:8080/Registration.html" "Mozilla/5.0 (Windows NT 10.0; Win64; x64) AppleWebKit/537.36 (KHTML, like Gecko) Chrome/66.0.3359.139 Safari/537.36"
::1 - - [16/May/2018:11:05:31 -0400] "POST /Registration.php HTTP/1.1" 200 129 "http://localhost:8080/Registration.html" "Mozilla/5.0 (Windows NT 10.0; Win64; x64) AppleWebKit/537.36 (KHTML, like Gecko) Chrome/66.0.3359.139 Safari/537.36"
::1 - - [16/May/2018:11:05:36 -0400] "POST /Registration.php HTTP/1.1" 200 129 "http://localhost:8080/Registration.html" "Mozilla/5.0 (Windows NT 10.0; Win64; x64) AppleWebKit/537.36 (KHTML, like Gecko) Chrome/66.0.3359.139 Safari/537.36"
::1 - - [16/May/2018:11:05:41 -0400] "POST /Registration.php HTTP/1.1" 200 87 "http://localhost:8080/Registration.html" "Mozilla/5.0 (Windows NT 10.0; Win64; x64) AppleWebKit/537.36 (KHTML, like Gecko) Chrome/66.0.3359.139 Safari/537.36"
::1 - - [16/May/2018:11:08:58 -0400] "GET /dashboard HTTP/1.1" 403 - "-" "Mozilla/5.0 (Windows NT 10.0; Win64; x64) AppleWebKit/537.36 (KHTML, like Gecko) Chrome/66.0.3359.139 Safari/537.36"
